<?xml version="1.0" encoding="UTF-8"?>
<!-- Generated by org.testng.reporters.JUnitReportReporter -->
<testsuite skipped="0" hostname="DESKTOP-FHJRRVN" name="alltests.AssertionsExample" tests="1" failures="0" timestamp="2020-05-04T22:52:11 MSK" time="2.284" errors="0">
  <testcase name="logoTest" time="2.284" classname="alltests.AssertionsExample"/>
  <system-out/>
</testsuite> <!-- alltests.AssertionsExample -->
