<?xml version="1.0" encoding="UTF-8"?>
<!-- Generated by org.testng.reporters.JUnitReportReporter -->
<testsuite skipped="0" hostname="DESKTOP-FHJRRVN" name="alltests.DataProviderExample" tests="3" failures="0" timestamp="2020-05-04T22:52:11 MSK" time="0.000" errors="0">
  <testcase name="loginTest" time="0.000" classname="alltests.DataProviderExample"/>
  <system-out/>
  <testcase name="loginTest" time="0.000" classname="alltests.DataProviderExample"/>
  <system-out/>
  <testcase name="loginTest" time="0.000" classname="alltests.DataProviderExample"/>
  <system-out/>
</testsuite> <!-- alltests.DataProviderExample -->
