<?xml version="1.0" encoding="UTF-8"?>
<!-- Generated by org.testng.reporters.JUnitReportReporter -->
<testsuite skipped="0" hostname="DESKTOP-FHJRRVN" name="alltests.GroupingExample" tests="5" failures="0" timestamp="2020-05-04T22:52:11 MSK" time="0.000" errors="0">
  <testcase name="test5" time="0.000" classname="alltests.GroupingExample"/>
  <system-out/>
  <testcase name="test4" time="0.000" classname="alltests.GroupingExample"/>
  <system-out/>
  <testcase name="test1" time="0.000" classname="alltests.GroupingExample"/>
  <system-out/>
  <testcase name="test3" time="0.000" classname="alltests.GroupingExample"/>
  <system-out/>
  <testcase name="test2" time="0.000" classname="alltests.GroupingExample"/>
  <system-out/>
</testsuite> <!-- alltests.GroupingExample -->
