<?xml version="1.0" encoding="UTF-8"?>
<!-- Generated by org.testng.reporters.JUnitReportReporter -->
<testsuite skipped="0" hostname="DESKTOP-FHJRRVN" name="alltests.SecondTestCase" tests="4" failures="0" timestamp="2020-05-04T22:52:11 MSK" time="0.000" errors="0">
  <testcase name="setup" time="0.000" classname="alltests.SecondTestCase"/>
  <system-out/>
  <testcase name="addCustomer" time="0.000" classname="alltests.SecondTestCase"/>
  <system-out/>
  <testcase name="searchCustomer" time="0.000" classname="alltests.SecondTestCase"/>
  <system-out/>
  <testcase name="teardown" time="0.000" classname="alltests.SecondTestCase"/>
  <system-out/>
</testsuite> <!-- alltests.SecondTestCase -->
