<?xml version="1.0" encoding="UTF-8"?>
<!-- Generated by org.testng.reporters.JUnitReportReporter -->
<testsuite skipped="1" hostname="DESKTOP-FHJRRVN" name="alltests.PriorityExample" tests="4" failures="0" timestamp="2020-05-04T22:52:11 MSK" time="0.003" errors="0">
  <testcase name="TestOne" time="0.003" classname="alltests.PriorityExample"/>
  <system-out/>
  <testcase name="TestTwo" time="0.000" classname="alltests.PriorityExample"/>
  <system-out/>
  <testcase name="TestThree" time="0.000" classname="alltests.PriorityExample"/>
  <system-out/>
  <testcase name="TestFour" classname="alltests.PriorityExample">
    <skipped/>
  </testcase> <!-- TestFour -->
  <system-out/>
</testsuite> <!-- alltests.PriorityExample -->
